2020-07-23 14:44:25,629 DEBUG [main] BasicClientConnectionManager:161 - Get connection for route {s}->https://login.firmex.com:443
2020-07-23 14:44:25,689 DEBUG [main] DefaultClientConnectionOperator:177 - Connecting to login.firmex.com:443
2020-07-23 14:44:26,252 DEBUG [main] RequestAddCookies:123 - CookieSpec selected: ignoreCookies
2020-07-23 14:44:26,255 DEBUG [main] RequestAuthCache:77 - Auth cache not set in the context
2020-07-23 14:44:26,256 DEBUG [main] RequestTargetAuthentication:80 - Target auth state: UNCHALLENGED
2020-07-23 14:44:26,257 DEBUG [main] RequestProxyAuthentication:89 - Proxy auth state: UNCHALLENGED
2020-07-23 14:44:26,258 DEBUG [main] DefaultHttpClient:682 - Attempt 1 to execute request
2020-07-23 14:44:26,259 DEBUG [main] DefaultClientConnection:274 - Sending request: POST /authenticate/global HTTP/1.1
2020-07-23 14:44:26,259 DEBUG [main] wire:73 -  >> "POST /authenticate/global HTTP/1.1[\r][\n]"
2020-07-23 14:44:26,261 DEBUG [main] wire:73 -  >> "Accept: */*[\r][\n]"
2020-07-23 14:44:26,262 DEBUG [main] wire:73 -  >> "Content-Type: application/json; charset=UTF-8[\r][\n]"
2020-07-23 14:44:26,262 DEBUG [main] wire:73 -  >> "Content-Length: 51[\r][\n]"
2020-07-23 14:44:26,262 DEBUG [main] wire:73 -  >> "Host: login.firmex.com[\r][\n]"
2020-07-23 14:44:26,263 DEBUG [main] wire:73 -  >> "Connection: Keep-Alive[\r][\n]"
2020-07-23 14:44:26,264 DEBUG [main] wire:73 -  >> "User-Agent: Apache-HttpClient/4.5.3 (Java/1.8.0_221)[\r][\n]"
2020-07-23 14:44:26,264 DEBUG [main] wire:73 -  >> "Accept-Encoding: gzip,deflate[\r][\n]"
2020-07-23 14:44:26,266 DEBUG [main] wire:73 -  >> "[\r][\n]"
2020-07-23 14:44:26,266 DEBUG [main] headers:278 - >> POST /authenticate/global HTTP/1.1
2020-07-23 14:44:26,267 DEBUG [main] headers:281 - >> Accept: */*
2020-07-23 14:44:26,267 DEBUG [main] headers:281 - >> Content-Type: application/json; charset=UTF-8
2020-07-23 14:44:26,268 DEBUG [main] headers:281 - >> Content-Length: 51
2020-07-23 14:44:26,269 DEBUG [main] headers:281 - >> Host: login.firmex.com
2020-07-23 14:44:26,270 DEBUG [main] headers:281 - >> Connection: Keep-Alive
2020-07-23 14:44:26,271 DEBUG [main] headers:281 - >> User-Agent: Apache-HttpClient/4.5.3 (Java/1.8.0_221)
2020-07-23 14:44:26,271 DEBUG [main] headers:281 - >> Accept-Encoding: gzip,deflate
2020-07-23 14:44:26,272 DEBUG [main] wire:87 -  >> "{"email":"shweta123@gmail.com","password":"abc123"}"
2020-07-23 14:44:26,434 DEBUG [main] wire:73 -  << "HTTP/1.1 200 OK[\r][\n]"
2020-07-23 14:44:26,436 DEBUG [main] wire:73 -  << "Content-Type: application/json; charset=utf-8[\r][\n]"
2020-07-23 14:44:26,437 DEBUG [main] wire:73 -  << "Transfer-Encoding: chunked[\r][\n]"
2020-07-23 14:44:26,438 DEBUG [main] wire:73 -  << "Connection: keep-alive[\r][\n]"
2020-07-23 14:44:26,439 DEBUG [main] wire:73 -  << "Date: Thu, 23 Jul 2020 18:44:26 GMT[\r][\n]"
2020-07-23 14:44:26,441 DEBUG [main] wire:73 -  << "Vary: Accept-Encoding[\r][\n]"
2020-07-23 14:44:26,442 DEBUG [main] wire:73 -  << "Cache-Control: private[\r][\n]"
2020-07-23 14:44:26,443 DEBUG [main] wire:73 -  << "X-AspNetMvc-Version: 5.2[\r][\n]"
2020-07-23 14:44:26,445 DEBUG [main] wire:73 -  << "X-Correlation-Id: 55e20c62-2ebf-476d-ba45-6e0328ed3fbb[\r][\n]"
2020-07-23 14:44:26,446 DEBUG [main] wire:73 -  << "X-AspNet-Version: 4.0.30319[\r][\n]"
2020-07-23 14:44:26,449 DEBUG [main] wire:73 -  << "x-frame-options: DENY[\r][\n]"
2020-07-23 14:44:26,451 DEBUG [main] wire:73 -  << "Content-Security-Policy: frame-ancestors 'none';[\r][\n]"
2020-07-23 14:44:26,452 DEBUG [main] wire:73 -  << "X-Powered-By: ASP.NET[\r][\n]"
2020-07-23 14:44:26,454 DEBUG [main] wire:73 -  << "Strict-Transport-Security: max-age=15553000[\r][\n]"
2020-07-23 14:44:26,455 DEBUG [main] wire:73 -  << "Content-Encoding: gzip[\r][\n]"
2020-07-23 14:44:26,457 DEBUG [main] wire:73 -  << "X-Cache: Miss from cloudfront[\r][\n]"
2020-07-23 14:44:26,459 DEBUG [main] wire:73 -  << "Via: 1.1 a65e8802f41d2805ddc8578873f004a2.cloudfront.net (CloudFront)[\r][\n]"
2020-07-23 14:44:26,461 DEBUG [main] wire:73 -  << "X-Amz-Cf-Pop: YTO50-C2[\r][\n]"
2020-07-23 14:44:26,463 DEBUG [main] wire:73 -  << "X-Amz-Cf-Id: B_xDaixHpGc_uCGTLNQS-MXBoVHNkpNKJbhMeouxyzNCnQLssJYetw==[\r][\n]"
2020-07-23 14:44:26,465 DEBUG [main] wire:73 -  << "[\r][\n]"
2020-07-23 14:44:26,468 DEBUG [main] DefaultClientConnection:259 - Receiving response: HTTP/1.1 200 OK
2020-07-23 14:44:26,469 DEBUG [main] headers:262 - << HTTP/1.1 200 OK
2020-07-23 14:44:26,469 DEBUG [main] headers:265 - << Content-Type: application/json; charset=utf-8
2020-07-23 14:44:26,470 DEBUG [main] headers:265 - << Transfer-Encoding: chunked
2020-07-23 14:44:26,470 DEBUG [main] headers:265 - << Connection: keep-alive
2020-07-23 14:44:26,471 DEBUG [main] headers:265 - << Date: Thu, 23 Jul 2020 18:44:26 GMT
2020-07-23 14:44:26,472 DEBUG [main] headers:265 - << Vary: Accept-Encoding
2020-07-23 14:44:26,472 DEBUG [main] headers:265 - << Cache-Control: private
2020-07-23 14:44:26,473 DEBUG [main] headers:265 - << X-AspNetMvc-Version: 5.2
2020-07-23 14:44:26,474 DEBUG [main] headers:265 - << X-Correlation-Id: 55e20c62-2ebf-476d-ba45-6e0328ed3fbb
2020-07-23 14:44:26,474 DEBUG [main] headers:265 - << X-AspNet-Version: 4.0.30319
2020-07-23 14:44:26,475 DEBUG [main] headers:265 - << x-frame-options: DENY
2020-07-23 14:44:26,475 DEBUG [main] headers:265 - << Content-Security-Policy: frame-ancestors 'none';
2020-07-23 14:44:26,475 DEBUG [main] headers:265 - << X-Powered-By: ASP.NET
2020-07-23 14:44:26,476 DEBUG [main] headers:265 - << Strict-Transport-Security: max-age=15553000
2020-07-23 14:44:26,476 DEBUG [main] headers:265 - << Content-Encoding: gzip
2020-07-23 14:44:26,477 DEBUG [main] headers:265 - << X-Cache: Miss from cloudfront
2020-07-23 14:44:26,477 DEBUG [main] headers:265 - << Via: 1.1 a65e8802f41d2805ddc8578873f004a2.cloudfront.net (CloudFront)
2020-07-23 14:44:26,478 DEBUG [main] headers:265 - << X-Amz-Cf-Pop: YTO50-C2
2020-07-23 14:44:26,478 DEBUG [main] headers:265 - << X-Amz-Cf-Id: B_xDaixHpGc_uCGTLNQS-MXBoVHNkpNKJbhMeouxyzNCnQLssJYetw==
2020-07-23 14:44:26,497 DEBUG [main] DefaultHttpClient:509 - Connection can be kept alive indefinitely
2020-07-23 14:44:26,568 DEBUG [main] RequestSpecificationImpl$RestAssuredHttpBuilder:544 - Parsing response as: application/json; charset=utf-8
2020-07-23 14:44:26,570 DEBUG [main] wire:73 -  << "6e[\r][\n]"
2020-07-23 14:44:26,571 DEBUG [main] wire:87 -  << "[0x1f][0x8b][0x8][0x0][0x0][0x0][0x0][0x0][0x0][0x3][0xaa][0xe6][0xe5]RPPJ-*[0xca]/R[0xb2]R[0xa8][0x6][0xf1][0x80][0xfc][0xdc][0xd4][0xe2][0xe2][0xc4][0xf4]T[0xa0][0x88]Rhqj[0x91]BrQjJj^IfbN[0xb1]BbQ[0xaa]Bf^YbNf[0x8a][0x9e][0x92][0xe]TCIe[0x1]X[0xb5]cr2P[0xab]Kj^fj[0x8a][0x12]H[0xae][0x96][0x97][0xab][0x16][0x0][0x0][0x0][0xff][0xff][0x3][0x0][0xee]zD[0x1d]d[0x0][0x0][0x0]"
2020-07-23 14:44:26,571 DEBUG [main] wire:73 -  << "[\r][\n]"
2020-07-23 14:44:26,572 DEBUG [main] wire:73 -  << "0[\r][\n]"
2020-07-23 14:44:26,572 DEBUG [main] wire:73 -  << "[\r][\n]"
2020-07-23 14:44:26,592 DEBUG [main] RequestSpecificationImpl$RestAssuredHttpBuilder:547 - Parsed data to instance of: class org.apache.http.conn.EofSensorInputStream
2020-07-23 14:44:26,641 DEBUG [main] BasicClientConnectionManager:200 - Releasing connection org.apache.http.impl.conn.ManagedClientConnectionImpl@3a1d593e
2020-07-23 14:44:26,642 DEBUG [main] BasicClientConnectionManager:225 - Connection can be kept alive indefinitely
2020-07-23 14:46:52,543 DEBUG [main] cache:45 - Couldn't find template in cache for "Extent.ftl"("en_CA", UTF-8, parsed); will try to load it.
2020-07-23 14:46:52,551 DEBUG [main] cache:45 - TemplateLoader.findTemplateSource("Extent_en_CA.ftl"): Not found
2020-07-23 14:46:52,563 DEBUG [main] cache:45 - TemplateLoader.findTemplateSource("Extent_en.ftl"): Not found
2020-07-23 14:46:52,575 DEBUG [main] cache:45 - TemplateLoader.findTemplateSource("Extent.ftl"): Found
2020-07-23 14:46:52,577 DEBUG [main] cache:45 - Loading template for "Extent.ftl"("en_CA", UTF-8, parsed) from "jar:file:/C:/Users/USER/.m2/repository/com/relevantcodes/extentreports/2.41.2/extentreports-2.41.2.jar!/com/relevantcodes/extentreports/view/Extent.ftl"
2020-07-23 14:46:53,295 DEBUG [main] cache:45 - Couldn't find template in cache for "Extent.ftl"("en_CA", UTF-8, parsed); will try to load it.
2020-07-23 14:46:53,296 DEBUG [main] cache:45 - TemplateLoader.findTemplateSource("Extent_en_CA.ftl"): Not found
2020-07-23 14:46:53,297 DEBUG [main] cache:45 - TemplateLoader.findTemplateSource("Extent_en.ftl"): Not found
2020-07-23 14:46:53,298 DEBUG [main] cache:45 - TemplateLoader.findTemplateSource("Extent.ftl"): Found
2020-07-23 14:46:53,298 DEBUG [main] cache:45 - Loading template for "Extent.ftl"("en_CA", UTF-8, parsed) from "jar:file:/C:/Users/USER/.m2/repository/com/relevantcodes/extentreports/2.41.2/extentreports-2.41.2.jar!/com/relevantcodes/extentreports/view/Extent.ftl"
